<?xml version="1.0" encoding="UTF-8"?>
<!-- Generated by org.testng.reporters.JUnitReportReporter -->
<testsuite skipped="0" hostname="ULTRABOOK" name="com.TestRetrieveTaskApi.RetrieveApi" tests="1" failures="0" timestamp="12 Sep 2020 18:16:31 GMT" time="15.094" errors="0">
  <testcase name="getDataFromServer" time="15.094" classname="com.TestRetrieveTaskApi.RetrieveApi"/>
</testsuite> <!-- com.TestRetrieveTaskApi.RetrieveApi -->
